2019-10-30 23:56:07,602 - INFO - allennlp.common.params - random_seed = 13370
2019-10-30 23:56:07,602 - INFO - allennlp.common.params - numpy_seed = 1337
2019-10-30 23:56:07,602 - INFO - allennlp.common.params - pytorch_seed = 133
2019-10-30 23:56:07,603 - INFO - allennlp.common.checks - Pytorch version: 1.3.0
2019-10-30 23:56:07,604 - INFO - allennlp.common.params - evaluate_on_test = False
2019-10-30 23:56:07,604 - INFO - allennlp.common.params - validation_dataset_reader = None
2019-10-30 23:56:07,604 - INFO - allennlp.common.from_params - instantiating class <class 'allennlp.data.dataset_readers.dataset_reader.DatasetReader'> from params {'token_indexers': {'tokens': {'lowercase_tokens': True, 'type': 'single_id'}}, 'type': 'char_lm'} and extras set()
2019-10-30 23:56:07,605 - INFO - allennlp.common.params - dataset_reader.type = char_lm
2019-10-30 23:56:07,605 - INFO - allennlp.common.from_params - instantiating class <class 'code_gen.lm_reader.LanguageModelingReader'> from params {'token_indexers': {'tokens': {'lowercase_tokens': True, 'type': 'single_id'}}} and extras set()
2019-10-30 23:56:07,605 - INFO - allennlp.common.from_params - instantiating class <class 'allennlp.data.token_indexers.token_indexer.TokenIndexer'> from params {'lowercase_tokens': True, 'type': 'single_id'} and extras set()
2019-10-30 23:56:07,606 - INFO - allennlp.common.params - dataset_reader.token_indexers.tokens.type = single_id
2019-10-30 23:56:07,606 - INFO - allennlp.common.from_params - instantiating class <class 'allennlp.data.token_indexers.single_id_token_indexer.SingleIdTokenIndexer'> from params {'lowercase_tokens': True} and extras set()
2019-10-30 23:56:07,606 - INFO - allennlp.common.params - dataset_reader.token_indexers.tokens.namespace = tokens
2019-10-30 23:56:07,606 - INFO - allennlp.common.params - dataset_reader.token_indexers.tokens.lowercase_tokens = True
2019-10-30 23:56:07,607 - INFO - allennlp.common.params - dataset_reader.token_indexers.tokens.start_tokens = None
2019-10-30 23:56:07,607 - INFO - allennlp.common.params - dataset_reader.token_indexers.tokens.end_tokens = None
2019-10-30 23:56:07,607 - INFO - allennlp.common.params - dataset_reader.token_indexers.tokens.token_min_padding_length = 0
2019-10-30 23:56:07,607 - INFO - allennlp.common.params - dataset_reader.lazy = False
2019-10-30 23:56:07,607 - INFO - allennlp.common.params - train_data_path = bitcoin.txt
2019-10-30 23:56:07,607 - INFO - allennlp.training.util - Reading training data from bitcoin.txt
2019-10-30 23:56:15,699 - INFO - allennlp.common.params - validation_data_path = None
2019-10-30 23:56:15,701 - INFO - allennlp.common.params - test_data_path = None
2019-10-30 23:56:15,797 - INFO - allennlp.training.trainer_pieces - From dataset instances, train will be considered for vocabulary creation.
2019-10-30 23:56:15,797 - INFO - allennlp.common.params - vocabulary.type = None
2019-10-30 23:56:15,797 - INFO - allennlp.common.params - vocabulary.extend = False
2019-10-30 23:56:15,798 - INFO - allennlp.common.params - vocabulary.directory_path = None
2019-10-30 23:56:15,798 - INFO - allennlp.common.params - vocabulary.min_count = None
2019-10-30 23:56:15,798 - INFO - allennlp.common.params - vocabulary.max_vocab_size = None
2019-10-30 23:56:15,798 - INFO - allennlp.common.params - vocabulary.non_padded_namespaces = ('*tags', '*labels')
2019-10-30 23:56:15,798 - INFO - allennlp.common.params - vocabulary.pretrained_files = {}
2019-10-30 23:56:15,798 - INFO - allennlp.common.params - vocabulary.min_pretrained_embeddings = None
2019-10-30 23:56:15,798 - INFO - allennlp.common.params - vocabulary.only_include_pretrained_words = False
2019-10-30 23:56:15,799 - INFO - allennlp.common.params - vocabulary.tokens_to_add = None
2019-10-30 23:56:15,799 - INFO - allennlp.data.vocabulary - Fitting token dictionary from dataset.
2019-10-30 23:56:18,679 - INFO - allennlp.common.from_params - instantiating class <class 'allennlp.models.model.Model'> from params {'contextualizer': {'bidirectional': False, 'dropout': 0.5, 'hidden_size': 100, 'input_size': 50, 'num_layers': 2, 'type': 'lstm'}, 'text_field_embedder': {'token_embedders': {'tokens': {'embedding_dim': 50, 'type': 'embedding'}}}, 'type': 'language_model'} and extras {'vocab'}
2019-10-30 23:56:18,679 - INFO - allennlp.common.params - model.type = language_model
2019-10-30 23:56:18,680 - INFO - allennlp.common.from_params - instantiating class <class 'allennlp.models.language_model.LanguageModel'> from params {'contextualizer': {'bidirectional': False, 'dropout': 0.5, 'hidden_size': 100, 'input_size': 50, 'num_layers': 2, 'type': 'lstm'}, 'text_field_embedder': {'token_embedders': {'tokens': {'embedding_dim': 50, 'type': 'embedding'}}}} and extras {'vocab'}
2019-10-30 23:56:18,682 - INFO - allennlp.common.from_params - instantiating class <class 'allennlp.modules.text_field_embedders.text_field_embedder.TextFieldEmbedder'> from params {'token_embedders': {'tokens': {'embedding_dim': 50, 'type': 'embedding'}}} and extras {'vocab'}
2019-10-30 23:56:18,682 - INFO - allennlp.common.params - model.text_field_embedder.type = basic
2019-10-30 23:56:18,683 - INFO - allennlp.common.params - model.text_field_embedder.embedder_to_indexer_map = None
2019-10-30 23:56:18,684 - INFO - allennlp.common.params - model.text_field_embedder.allow_unmatched_keys = False
2019-10-30 23:56:18,684 - INFO - allennlp.common.from_params - instantiating class <class 'allennlp.modules.token_embedders.token_embedder.TokenEmbedder'> from params {'embedding_dim': 50, 'type': 'embedding'} and extras {'vocab'}
2019-10-30 23:56:18,685 - INFO - allennlp.common.params - model.text_field_embedder.token_embedders.tokens.type = embedding
2019-10-30 23:56:18,685 - INFO - allennlp.common.params - model.text_field_embedder.token_embedders.tokens.num_embeddings = None
2019-10-30 23:56:18,685 - INFO - allennlp.common.params - model.text_field_embedder.token_embedders.tokens.vocab_namespace = tokens
2019-10-30 23:56:18,685 - INFO - allennlp.common.params - model.text_field_embedder.token_embedders.tokens.embedding_dim = 50
2019-10-30 23:56:18,686 - INFO - allennlp.common.params - model.text_field_embedder.token_embedders.tokens.pretrained_file = None
2019-10-30 23:56:18,686 - INFO - allennlp.common.params - model.text_field_embedder.token_embedders.tokens.projection_dim = None
2019-10-30 23:56:18,686 - INFO - allennlp.common.params - model.text_field_embedder.token_embedders.tokens.trainable = True
2019-10-30 23:56:18,686 - INFO - allennlp.common.params - model.text_field_embedder.token_embedders.tokens.padding_index = None
2019-10-30 23:56:18,686 - INFO - allennlp.common.params - model.text_field_embedder.token_embedders.tokens.max_norm = None
2019-10-30 23:56:18,687 - INFO - allennlp.common.params - model.text_field_embedder.token_embedders.tokens.norm_type = 2.0
2019-10-30 23:56:18,687 - INFO - allennlp.common.params - model.text_field_embedder.token_embedders.tokens.scale_grad_by_freq = False
2019-10-30 23:56:18,687 - INFO - allennlp.common.params - model.text_field_embedder.token_embedders.tokens.sparse = False
2019-10-30 23:56:18,700 - INFO - allennlp.common.from_params - instantiating class <class 'allennlp.modules.seq2seq_encoders.seq2seq_encoder.Seq2SeqEncoder'> from params {'bidirectional': False, 'dropout': 0.5, 'hidden_size': 100, 'input_size': 50, 'num_layers': 2, 'type': 'lstm'} and extras {'vocab'}
2019-10-30 23:56:18,704 - INFO - allennlp.common.params - model.contextualizer.type = lstm
2019-10-30 23:56:18,705 - INFO - allennlp.common.params - model.contextualizer.batch_first = True
2019-10-30 23:56:18,705 - INFO - allennlp.common.params - model.contextualizer.stateful = False
2019-10-30 23:56:18,706 - INFO - allennlp.common.params - Converting Params object to dict; logging of default values will not occur when dictionary parameters are used subsequently.
2019-10-30 23:56:18,706 - INFO - allennlp.common.params - CURRENTLY DEFINED PARAMETERS: 
2019-10-30 23:56:18,706 - INFO - allennlp.common.params - model.contextualizer.bidirectional = False
2019-10-30 23:56:18,707 - INFO - allennlp.common.params - model.contextualizer.dropout = 0.5
2019-10-30 23:56:18,707 - INFO - allennlp.common.params - model.contextualizer.hidden_size = 100
2019-10-30 23:56:18,707 - INFO - allennlp.common.params - model.contextualizer.input_size = 50
2019-10-30 23:56:18,708 - INFO - allennlp.common.params - model.contextualizer.num_layers = 2
2019-10-30 23:56:18,708 - INFO - allennlp.common.params - model.contextualizer.batch_first = True
2019-10-30 23:56:18,712 - INFO - allennlp.common.params - model.dropout = None
2019-10-30 23:56:18,712 - INFO - allennlp.common.params - model.num_samples = None
2019-10-30 23:56:18,713 - INFO - allennlp.common.params - model.sparse_embeddings = False
2019-10-30 23:56:18,713 - INFO - allennlp.common.params - model.bidirectional = False
2019-10-30 23:56:18,729 - INFO - allennlp.common.from_params - instantiating class <class 'allennlp.data.iterators.data_iterator.DataIterator'> from params {'batch_size': 32, 'type': 'basic'} and extras set()
2019-10-30 23:56:18,729 - INFO - allennlp.common.params - iterator.type = basic
2019-10-30 23:56:18,729 - INFO - allennlp.common.from_params - instantiating class <class 'allennlp.data.iterators.basic_iterator.BasicIterator'> from params {'batch_size': 32} and extras set()
2019-10-30 23:56:18,730 - INFO - allennlp.common.params - iterator.batch_size = 32
2019-10-30 23:56:18,730 - INFO - allennlp.common.params - iterator.instances_per_epoch = None
2019-10-30 23:56:18,731 - INFO - allennlp.common.params - iterator.max_instances_in_memory = None
2019-10-30 23:56:18,731 - INFO - allennlp.common.params - iterator.cache_instances = False
2019-10-30 23:56:18,731 - INFO - allennlp.common.params - iterator.track_epoch = False
2019-10-30 23:56:18,731 - INFO - allennlp.common.params - iterator.maximum_samples_per_batch = None
2019-10-30 23:56:18,732 - INFO - allennlp.common.params - validation_iterator = None
2019-10-30 23:56:18,732 - INFO - allennlp.common.params - trainer.no_grad = ()
2019-10-30 23:56:18,732 - INFO - allennlp.training.trainer_pieces - Following parameters are Frozen  (without gradient):
2019-10-30 23:56:18,733 - INFO - allennlp.training.trainer_pieces - Following parameters are Tunable (with gradient):
2019-10-30 23:56:18,733 - INFO - allennlp.training.trainer_pieces - _text_field_embedder.token_embedder_tokens.weight
2019-10-30 23:56:18,733 - INFO - allennlp.training.trainer_pieces - _contextualizer._module.weight_ih_l0
2019-10-30 23:56:18,733 - INFO - allennlp.training.trainer_pieces - _contextualizer._module.weight_hh_l0
2019-10-30 23:56:18,733 - INFO - allennlp.training.trainer_pieces - _contextualizer._module.bias_ih_l0
2019-10-30 23:56:18,733 - INFO - allennlp.training.trainer_pieces - _contextualizer._module.bias_hh_l0
2019-10-30 23:56:18,733 - INFO - allennlp.training.trainer_pieces - _contextualizer._module.weight_ih_l1
2019-10-30 23:56:18,733 - INFO - allennlp.training.trainer_pieces - _contextualizer._module.weight_hh_l1
2019-10-30 23:56:18,733 - INFO - allennlp.training.trainer_pieces - _contextualizer._module.bias_ih_l1
2019-10-30 23:56:18,733 - INFO - allennlp.training.trainer_pieces - _contextualizer._module.bias_hh_l1
2019-10-30 23:56:18,733 - INFO - allennlp.training.trainer_pieces - _softmax_loss.softmax_w
2019-10-30 23:56:18,734 - INFO - allennlp.training.trainer_pieces - _softmax_loss.softmax_b
2019-10-30 23:56:18,734 - INFO - allennlp.common.params - trainer.patience = None
2019-10-30 23:56:18,734 - INFO - allennlp.common.params - trainer.validation_metric = -loss
2019-10-30 23:56:18,734 - INFO - allennlp.common.params - trainer.shuffle = True
2019-10-30 23:56:18,734 - INFO - allennlp.common.params - trainer.num_epochs = 10
2019-10-30 23:56:18,734 - INFO - allennlp.common.params - trainer.cuda_device = -1
2019-10-30 23:56:18,734 - INFO - allennlp.common.params - trainer.grad_norm = None
2019-10-30 23:56:18,734 - INFO - allennlp.common.params - trainer.grad_clipping = None
2019-10-30 23:56:18,734 - INFO - allennlp.common.params - trainer.learning_rate_scheduler = None
2019-10-30 23:56:18,734 - INFO - allennlp.common.params - trainer.momentum_scheduler = None
2019-10-30 23:56:18,734 - INFO - allennlp.common.params - trainer.optimizer = adam
2019-10-30 23:56:18,734 - INFO - allennlp.common.params - parameter_groups = None
2019-10-30 23:56:18,735 - INFO - allennlp.training.optimizers - Number of trainable parameters: 154435
2019-10-30 23:56:18,735 - INFO - allennlp.common.params - infer_type_and_cast = True
2019-10-30 23:56:18,735 - INFO - allennlp.common.params - Converting Params object to dict; logging of default values will not occur when dictionary parameters are used subsequently.
2019-10-30 23:56:18,735 - INFO - allennlp.common.params - CURRENTLY DEFINED PARAMETERS: 
2019-10-30 23:56:18,736 - INFO - allennlp.common.registrable - instantiating registered subclass adam of <class 'allennlp.training.optimizers.Optimizer'>
2019-10-30 23:56:18,736 - INFO - allennlp.common.params - trainer.num_serialized_models_to_keep = 20
2019-10-30 23:56:18,736 - INFO - allennlp.common.params - trainer.keep_serialized_model_every_num_seconds = None
2019-10-30 23:56:18,736 - INFO - allennlp.common.params - trainer.model_save_interval = None
2019-10-30 23:56:18,736 - INFO - allennlp.common.params - trainer.summary_interval = 100
2019-10-30 23:56:18,736 - INFO - allennlp.common.params - trainer.histogram_interval = None
2019-10-30 23:56:18,736 - INFO - allennlp.common.params - trainer.should_log_parameter_statistics = True
2019-10-30 23:56:18,736 - INFO - allennlp.common.params - trainer.should_log_learning_rate = False
2019-10-30 23:56:18,736 - INFO - allennlp.common.params - trainer.log_batch_size_period = None
2019-10-30 23:56:18,744 - INFO - allennlp.training.trainer - Beginning training.
2019-10-30 23:56:18,744 - INFO - allennlp.training.trainer - Epoch 0/9
2019-10-30 23:56:18,745 - INFO - allennlp.training.trainer - Peak CPU memory usage MB: 782.102528
2019-10-30 23:56:18,759 - INFO - allennlp.training.trainer - Training
